<?xml version="1.0" encoding="UTF-8"?>
<!-- Generated by org.testng.reporters.JUnitXMLReporter -->
<testsuite ignored="0" hostname="Jishas-MacBook-Air.local" failures="1" tests="2" name="Test" time="26.155" errors="0" timestamp="07 Oct 2019 06:03:37 GMT">
  <testcase classname="qa.automation.demo.testcases.Logintest" name="Signin" time="4.073"/>
  <testcase classname="qa.automation.demo.testcases.Logintest" name="verifyTitle" time="2.758">
    <failure type="java.lang.AssertionError" message="expected [AUTHENTICATION] but found [AUTHENTICTION]">
      <![CDATA[java.lang.AssertionError: expected [AUTHENTICATION] but found [AUTHENTICTION]
at qa.automation.demo.testcases.Logintest.verifyTitle(Logintest.java:38)
... Removed 31 stack frames]]>
    </failure>
  </testcase> <!-- verifyTitle -->
</testsuite> <!-- Test -->
